WdgMtb: ACCESS solid_surf_rg@EXTRCUT is AVAILABLE (CB)
WdgMtb: ACCESS remove_material_popup@extrev_feature_popup@EXTRCUT is invisible (UI)
WdgMtb: ACCESS is_smt_cut_popup@extrev_feature_popup@EXTRCUT is invisible (UI)
WdgMtb: ACCESS thick_sketch_popup@extrev_feature_popup@EXTRCUT is AVAILABLE (CB)
WdgMtb: ACCESS DefineRmbBtn@extrev_feature_popup@EXTRCUT is AVAILABLE (CB)
WdgMtb: ACCESS SketchRmbBtn@extrev_feature_popup@EXTRCUT is invisible (UI)
WdgMtb: ACCESS add_draft_popup@extrev_feature_popup@EXTRCUT is invisible (UI)
WdgMtb: ACCESS cap_cb@EXTRCUT is unavailable (CB)
WdgMtb: ACCESS solid_surf_rg@EXTRCUT is AVAILABLE (CB)
WdgMtb: ACCESS remove_material_popup@extrev_feature_popup@EXTRCUT is invisible (UI)
WdgMtb: ACCESS is_smt_cut_popup@extrev_feature_popup@EXTRCUT is invisible (UI)
WdgMtb: ACCESS thick_sketch_popup@extrev_feature_popup@EXTRCUT is AVAILABLE (CB)
WdgMtb: ACCESS DefineRmbBtn@extrev_feature_popup@EXTRCUT is AVAILABLE (CB)
WdgMtb: ACCESS SketchRmbBtn@extrev_feature_popup@EXTRCUT is invisible (UI)
WdgMtb: ACCESS add_draft_popup@extrev_feature_popup@EXTRCUT is invisible (UI)
WdgMtb: ACCESS cap_cb@EXTRCUT is unavailable (CB)
WdgMtb: ACCESS solid_surf_rg@EXTRCUT is AVAILABLE (CB)
WdgMtb: ACCESS remove_material_popup@extrev_feature_popup@EXTRCUT is invisible (UI)
WdgMtb: ACCESS is_smt_cut_popup@extrev_feature_popup@EXTRCUT is invisible (UI)
WdgMtb: ACCESS thick_sketch_popup@extrev_feature_popup@EXTRCUT is AVAILABLE (CB)
WdgMtb: ACCESS DefineRmbBtn@extrev_feature_popup@EXTRCUT is AVAILABLE (CB)
WdgMtb: ACCESS SketchRmbBtn@extrev_feature_popup@EXTRCUT is invisible (UI)
WdgMtb: ACCESS add_draft_popup@extrev_feature_popup@EXTRCUT is invisible (UI)
WdgMtb: ACCESS cap_cb@EXTRCUT is unavailable (CB)
WdgMtb: ACCESS solid_surf_rg@EXTRCUT is AVAILABLE (CB)
WdgMtb: ACCESS remove_material_popup@extrev_feature_popup@EXTRCUT is invisible (UI)
WdgMtb: ACCESS is_smt_cut_popup@extrev_feature_popup@EXTRCUT is invisible (UI)
WdgMtb: ACCESS thick_sketch_popup@extrev_feature_popup@EXTRCUT is AVAILABLE (CB)
WdgMtb: ACCESS DefineRmbBtn@extrev_feature_popup@EXTRCUT is AVAILABLE (CB)
WdgMtb: ACCESS SketchRmbBtn@extrev_feature_popup@EXTRCUT is invisible (UI)
WdgMtb: ACCESS add_draft_popup@extrev_feature_popup@EXTRCUT is invisible (UI)
WdgMtb: ACCESS cap_cb@EXTRCUT is unavailable (CB)
WdgMtb: ACCESS solid_surf_rg@EXTRCUT is AVAILABLE (CB)
WdgMtb: ACCESS remove_material_popup@extrev_feature_popup@EXTRCUT is invisible (UI)
WdgMtb: ACCESS is_smt_cut_popup@extrev_feature_popup@EXTRCUT is invisible (UI)
WdgMtb: ACCESS thick_sketch_popup@extrev_feature_popup@EXTRCUT is AVAILABLE (CB)
WdgMtb: ACCESS DefineRmbBtn@extrev_feature_popup@EXTRCUT is AVAILABLE (CB)
WdgMtb: ACCESS SketchRmbBtn@extrev_feature_popup@EXTRCUT is invisible (UI)
WdgMtb: ACCESS add_draft_popup@extrev_feature_popup@EXTRCUT is invisible (UI)
WdgMtb: ACCESS cap_cb@EXTRCUT is unavailable (CB)
WdgMtb: ACCESS solid_surf_rg@EXTRCUT is AVAILABLE (CB)
WdgMtb: ACCESS remove_material_popup@extrev_feature_popup@EXTRCUT is invisible (UI)
WdgMtb: ACCESS is_smt_cut_popup@extrev_feature_popup@EXTRCUT is invisible (UI)
WdgMtb: ACCESS thick_sketch_popup@extrev_feature_popup@EXTRCUT is AVAILABLE (CB)
WdgMtb: ACCESS DefineRmbBtn@extrev_feature_popup@EXTRCUT is AVAILABLE (CB)
WdgMtb: ACCESS SketchRmbBtn@extrev_feature_popup@EXTRCUT is invisible (UI)
WdgMtb: ACCESS add_draft_popup@extrev_feature_popup@EXTRCUT is invisible (UI)
WdgMtb: ACCESS cap_cb@EXTRCUT is unavailable (CB)
WdgMtb: ACCESS solid_surf_rg@EXTRCUT is AVAILABLE (CB)
WdgMtb: ACCESS remove_material_popup@extrev_feature_popup@EXTRCUT is invisible (UI)
WdgMtb: ACCESS is_smt_cut_popup@extrev_feature_popup@EXTRCUT is invisible (UI)
WdgMtb: ACCESS thick_sketch_popup@extrev_feature_popup@EXTRCUT is AVAILABLE (CB)
WdgMtb: ACCESS DefineRmbBtn@extrev_feature_popup@EXTRCUT is AVAILABLE (CB)
WdgMtb: ACCESS SketchRmbBtn@extrev_feature_popup@EXTRCUT is invisible (UI)
WdgMtb: ACCESS add_draft_popup@extrev_feature_popup@EXTRCUT is invisible (UI)
WdgMtb: ACCESS cap_cb@EXTRCUT is unavailable (CB)
WdgMtb: ACCESS solid_surf_rg@EXTRCUT is AVAILABLE (CB)
WdgMtb: ACCESS remove_material_popup@extrev_feature_popup@EXTRCUT is invisible (UI)
WdgMtb: ACCESS is_smt_cut_popup@extrev_feature_popup@EXTRCUT is invisible (UI)
WdgMtb: ACCESS thick_sketch_popup@extrev_feature_popup@EXTRCUT is AVAILABLE (CB)
WdgMtb: ACCESS DefineRmbBtn@extrev_feature_popup@EXTRCUT is AVAILABLE (CB)
WdgMtb: ACCESS SketchRmbBtn@extrev_feature_popup@EXTRCUT is invisible (UI)
WdgMtb: ACCESS add_draft_popup@extrev_feature_popup@EXTRCUT is invisible (UI)
WdgMtb: ACCESS cap_cb@EXTRCUT is unavailable (CB)
WdgMtb: ACCESS solid_surf_rg@EXTRUSION is AVAILABLE (CB)
WdgMtb: ACCESS remove_material_popup@extrev_feature_popup@EXTRUSION is invisible (UI)
WdgMtb: ACCESS thick_sketch_popup@extrev_feature_popup@EXTRUSION is AVAILABLE (CB)
WdgMtb: ACCESS DefineRmbBtn@extrev_feature_popup@EXTRUSION is AVAILABLE (CB)
WdgMtb: ACCESS SketchRmbBtn@extrev_feature_popup@EXTRUSION is invisible (UI)
WdgMtb: ACCESS add_draft_popup@extrev_feature_popup@EXTRUSION is invisible (UI)
WdgMtb: ACCESS cap_cb@EXTRUSION is unavailable (CB)
WdgMtb: ACCESS solid_surf_rg@EXTRUSION is AVAILABLE (CB)
WdgMtb: ACCESS remove_material_popup@extrev_feature_popup@EXTRUSION is invisible (UI)
WdgMtb: ACCESS thick_sketch_popup@extrev_feature_popup@EXTRUSION is AVAILABLE (CB)
WdgMtb: ACCESS DefineRmbBtn@extrev_feature_popup@EXTRUSION is AVAILABLE (CB)
WdgMtb: ACCESS SketchRmbBtn@extrev_feature_popup@EXTRUSION is invisible (UI)
WdgMtb: ACCESS add_draft_popup@extrev_feature_popup@EXTRUSION is invisible (UI)
WdgMtb: ACCESS cap_cb@EXTRUSION is unavailable (CB)
WdgMtb: ACCESS solid_surf_rg@EXTRUSION is AVAILABLE (CB)
WdgMtb: ACCESS remove_material_popup@extrev_feature_popup@EXTRUSION is invisible (UI)
WdgMtb: ACCESS thick_sketch_popup@extrev_feature_popup@EXTRUSION is AVAILABLE (CB)
WdgMtb: ACCESS DefineRmbBtn@extrev_feature_popup@EXTRUSION is AVAILABLE (CB)
WdgMtb: ACCESS SketchRmbBtn@extrev_feature_popup@EXTRUSION is invisible (UI)
WdgMtb: ACCESS add_draft_popup@extrev_feature_popup@EXTRUSION is invisible (UI)
WdgMtb: ACCESS cap_cb@EXTRUSION is unavailable (CB)
WdgMtb: ACCESS solid_surf_rg@EXTRUSION is AVAILABLE (CB)
WdgMtb: ACCESS remove_material_popup@extrev_feature_popup@EXTRUSION is invisible (UI)
WdgMtb: ACCESS thick_sketch_popup@extrev_feature_popup@EXTRUSION is AVAILABLE (CB)
WdgMtb: ACCESS DefineRmbBtn@extrev_feature_popup@EXTRUSION is AVAILABLE (CB)
WdgMtb: ACCESS SketchRmbBtn@extrev_feature_popup@EXTRUSION is invisible (UI)
WdgMtb: ACCESS add_draft_popup@extrev_feature_popup@EXTRUSION is invisible (UI)
WdgMtb: ACCESS cap_cb@EXTRUSION is unavailable (CB)
WdgMtb: ACCESS solid_surf_rg@EXTRUSION is AVAILABLE (CB)
WdgMtb: ACCESS remove_material_popup@extrev_feature_popup@EXTRUSION is invisible (UI)
WdgMtb: ACCESS thick_sketch_popup@extrev_feature_popup@EXTRUSION is AVAILABLE (CB)
WdgMtb: ACCESS DefineRmbBtn@extrev_feature_popup@EXTRUSION is AVAILABLE (CB)
WdgMtb: ACCESS SketchRmbBtn@extrev_feature_popup@EXTRUSION is invisible (UI)
WdgMtb: ACCESS add_draft_popup@extrev_feature_popup@EXTRUSION is invisible (UI)
WdgMtb: ACCESS cap_cb@EXTRUSION is unavailable (CB)
WdgMtb: ACCESS solid_surf_rg@EXTRUSION is AVAILABLE (CB)
WdgMtb: ACCESS remove_material_popup@extrev_feature_popup@EXTRUSION is invisible (UI)
WdgMtb: ACCESS thick_sketch_popup@extrev_feature_popup@EXTRUSION is AVAILABLE (CB)
WdgMtb: ACCESS DefineRmbBtn@extrev_feature_popup@EXTRUSION is AVAILABLE (CB)
WdgMtb: ACCESS SketchRmbBtn@extrev_feature_popup@EXTRUSION is invisible (UI)
WdgMtb: ACCESS add_draft_popup@extrev_feature_popup@EXTRUSION is invisible (UI)
WdgMtb: ACCESS cap_cb@EXTRUSION is unavailable (CB)
WdgMtb: ACCESS DefineRmbBtn@extrev_feature_popup@EXTRUSION is AVAILABLE (CB)
WdgMtb: ACCESS DefineRmbBtn@extrev_feature_popup@EXTRUSION is AVAILABLE (CB)
WdgMtb: ACCESS DefineRmbBtn@extrev_feature_popup@EXTRUSION is AVAILABLE (CB)
WdgMtb: ACCESS solid_surf_rg@EXTRUSION is invisible (UI)
WdgMtb: ACCESS remove_material_popup@extrev_feature_popup@EXTRUSION is invisible (UI)
WdgMtb: ACCESS thick_sketch_popup@extrev_feature_popup@EXTRUSION is invisible (UI)
WdgMtb: ACCESS DefineRmbBtn@extrev_feature_popup@EXTRUSION is invisible (UI)
WdgMtb: ACCESS SketchRmbBtn@extrev_feature_popup@EXTRUSION is invisible (UI)
WdgMtb: ACCESS add_draft_popup@extrev_feature_popup@EXTRUSION is invisible (UI)
WdgMtb: ACCESS cap_cb@EXTRUSION is invisible (UI)
WdgMtb: ACCESS solid_surf_rg@EXTRUSION is invisible (UI)
WdgMtb: ACCESS remove_material_popup@extrev_feature_popup@EXTRUSION is invisible (UI)
WdgMtb: ACCESS thick_sketch_popup@extrev_feature_popup@EXTRUSION is invisible (UI)
WdgMtb: ACCESS DefineRmbBtn@extrev_feature_popup@EXTRUSION is invisible (UI)
WdgMtb: ACCESS SketchRmbBtn@extrev_feature_popup@EXTRUSION is invisible (UI)
WdgMtb: ACCESS add_draft_popup@extrev_feature_popup@EXTRUSION is invisible (UI)
WdgMtb: ACCESS cap_cb@EXTRUSION is invisible (UI)
WdgMtb: ACCESS solid_surf_rg@EXTRUSION is invisible (UI)
WdgMtb: ACCESS remove_material_popup@extrev_feature_popup@EXTRUSION is invisible (UI)
WdgMtb: ACCESS thick_sketch_popup@extrev_feature_popup@EXTRUSION is invisible (UI)
WdgMtb: ACCESS DefineRmbBtn@extrev_feature_popup@EXTRUSION is invisible (UI)
WdgMtb: ACCESS SketchRmbBtn@extrev_feature_popup@EXTRUSION is invisible (UI)
WdgMtb: ACCESS add_draft_popup@extrev_feature_popup@EXTRUSION is invisible (UI)
WdgMtb: ACCESS cap_cb@EXTRUSION is invisible (UI)
WdgMtb: ACCESS solid_surf_rg@EXTRUSION is invisible (UI)
WdgMtb: ACCESS remove_material_popup@extrev_feature_popup@EXTRUSION is invisible (UI)
WdgMtb: ACCESS thick_sketch_popup@extrev_feature_popup@EXTRUSION is invisible (UI)
WdgMtb: ACCESS DefineRmbBtn@extrev_feature_popup@EXTRUSION is invisible (UI)
WdgMtb: ACCESS SketchRmbBtn@extrev_feature_popup@EXTRUSION is invisible (UI)
WdgMtb: ACCESS add_draft_popup@extrev_feature_popup@EXTRUSION is invisible (UI)
WdgMtb: ACCESS cap_cb@EXTRUSION is invisible (UI)
WdgMtb: ACCESS solid_surf_rg@EXTRUSION is AVAILABLE (CB)
WdgMtb: ACCESS remove_material_popup@extrev_feature_popup@EXTRUSION is invisible (UI)
WdgMtb: ACCESS thick_sketch_popup@extrev_feature_popup@EXTRUSION is AVAILABLE (CB)
WdgMtb: ACCESS DefineRmbBtn@extrev_feature_popup@EXTRUSION is AVAILABLE (CB)
WdgMtb: ACCESS SketchRmbBtn@extrev_feature_popup@EXTRUSION is invisible (UI)
WdgMtb: ACCESS add_draft_popup@extrev_feature_popup@EXTRUSION is invisible (UI)
WdgMtb: ACCESS cap_cb@EXTRUSION is unavailable (CB)
WdgMtb: ACCESS solid_surf_rg@EXTRUSION is AVAILABLE (CB)
WdgMtb: ACCESS remove_material_popup@extrev_feature_popup@EXTRUSION is invisible (UI)
WdgMtb: ACCESS thick_sketch_popup@extrev_feature_popup@EXTRUSION is AVAILABLE (CB)
WdgMtb: ACCESS DefineRmbBtn@extrev_feature_popup@EXTRUSION is AVAILABLE (CB)
WdgMtb: ACCESS SketchRmbBtn@extrev_feature_popup@EXTRUSION is invisible (UI)
WdgMtb: ACCESS add_draft_popup@extrev_feature_popup@EXTRUSION is invisible (UI)
WdgMtb: ACCESS cap_cb@EXTRUSION is unavailable (CB)
WdgMtb: ACCESS solid_surf_rg@EXTRUSION is AVAILABLE (CB)
WdgMtb: ACCESS remove_material_popup@extrev_feature_popup@EXTRUSION is invisible (UI)
WdgMtb: ACCESS thick_sketch_popup@extrev_feature_popup@EXTRUSION is AVAILABLE (CB)
WdgMtb: ACCESS DefineRmbBtn@extrev_feature_popup@EXTRUSION is AVAILABLE (CB)
WdgMtb: ACCESS SketchRmbBtn@extrev_feature_popup@EXTRUSION is invisible (UI)
WdgMtb: ACCESS add_draft_popup@extrev_feature_popup@EXTRUSION is invisible (UI)
WdgMtb: ACCESS cap_cb@EXTRUSION is unavailable (CB)
WdgMtb: ACCESS solid_surf_rg@EXTRUSION is AVAILABLE (CB)
WdgMtb: ACCESS remove_material_popup@extrev_feature_popup@EXTRUSION is invisible (UI)
WdgMtb: ACCESS thick_sketch_popup@extrev_feature_popup@EXTRUSION is AVAILABLE (CB)
WdgMtb: ACCESS DefineRmbBtn@extrev_feature_popup@EXTRUSION is AVAILABLE (CB)
WdgMtb: ACCESS SketchRmbBtn@extrev_feature_popup@EXTRUSION is invisible (UI)
WdgMtb: ACCESS add_draft_popup@extrev_feature_popup@EXTRUSION is invisible (UI)
WdgMtb: ACCESS cap_cb@EXTRUSION is unavailable (CB)
WdgMtb: ACCESS solid_surf_rg@EXTRUSION is AVAILABLE (CB)
WdgMtb: ACCESS remove_material_popup@extrev_feature_popup@EXTRUSION is invisible (UI)
WdgMtb: ACCESS thick_sketch_popup@extrev_feature_popup@EXTRUSION is AVAILABLE (CB)
WdgMtb: ACCESS DefineRmbBtn@extrev_feature_popup@EXTRUSION is AVAILABLE (CB)
WdgMtb: ACCESS SketchRmbBtn@extrev_feature_popup@EXTRUSION is invisible (UI)
WdgMtb: ACCESS add_draft_popup@extrev_feature_popup@EXTRUSION is invisible (UI)
WdgMtb: ACCESS cap_cb@EXTRUSION is unavailable (CB)
gdi32_comm_shutdown wait for polling thread timed out.
